
> qurehealthai@1.0.0 dev
> nodemon server.js

[33m[nodemon] 3.1.11[39m
[33m[nodemon] to restart at any time, enter `rs`[39m
[33m[nodemon] watching path(s): *.*[39m
[33m[nodemon] watching extensions: js,mjs,cjs,json[39m
[32m[nodemon] starting `node server.js`[39m
[dotenv@17.2.3] injecting env (16) from .env -- tip: 🔐 prevent committing .env to code: https://dotenvx.com/precommit
Attempting to connect to MongoDB...
[dotenv@17.2.3] injecting env (0) from .env -- tip: ⚙️  specify custom .env file path with { path: '/custom/path/.env' }
Server running on port 5001
MongoDB Connected
Connection pool warmed up
[Email] Attempting to send to: rc005405@gmail.com
[Email] Using User: rc005405@gmail.com
[Email] Using Pass: txzu...lmig (Length: 19)
[Email] Success! Message ID: <052f7417-13f2-00d1-aa71-6607ecae3c49@gmail.com>
Fetching all doctors for admin...
Found 24 doctors. Processing profiles...
Sending processed doctors list
Get Notifications Error: CastError: Cast to ObjectId failed for value "admin_id" (type string) at path "recipient" for model "Notification"
    at SchemaObjectId.cast (/Users/rahulchaudhary/Documents/QurehealthAI/backend/node_modules/mongoose/lib/schema/objectId.js:253:11)
    at SchemaType.applySetters (/Users/rahulchaudhary/Documents/QurehealthAI/backend/node_modules/mongoose/lib/schemaType.js:1280:12)
    at SchemaType.castForQuery (/Users/rahulchaudhary/Documents/QurehealthAI/backend/node_modules/mongoose/lib/schemaType.js:1706:17)
    at cast (/Users/rahulchaudhary/Documents/QurehealthAI/backend/node_modules/mongoose/lib/cast.js:390:32)
    at Query.cast (/Users/rahulchaudhary/Documents/QurehealthAI/backend/node_modules/mongoose/lib/query.js:5016:12)
    at Query._castConditions (/Users/rahulchaudhary/Documents/QurehealthAI/backend/node_modules/mongoose/lib/query.js:2380:10)
    at model.Query._find (/Users/rahulchaudhary/Documents/QurehealthAI/backend/node_modules/mongoose/lib/query.js:2407:8)
    at model.Query.exec (/Users/rahulchaudhary/Documents/QurehealthAI/backend/node_modules/mongoose/lib/query.js:4627:80)
    at process.processTicksAndRejections (node:internal/process/task_queues:103:5)
    at async exports.getMyNotifications (/Users/rahulchaudhary/Documents/QurehealthAI/backend/controllers/notificationController.js:5:31) {
  stringValue: '"admin_id"',
  messageFormat: undefined,
  kind: 'ObjectId',
  value: 'admin_id',
  path: 'recipient',
  reason: BSONError: input must be a 24 character hex string, 12 byte Uint8Array, or an integer
      at new ObjectId (/Users/rahulchaudhary/Documents/QurehealthAI/backend/node_modules/bson/lib/bson.cjs:2565:23)
      at castObjectId (/Users/rahulchaudhary/Documents/QurehealthAI/backend/node_modules/mongoose/lib/cast/objectid.js:25:12)
      at SchemaObjectId.cast (/Users/rahulchaudhary/Documents/QurehealthAI/backend/node_modules/mongoose/lib/schema/objectId.js:251:12)
      at SchemaType.applySetters (/Users/rahulchaudhary/Documents/QurehealthAI/backend/node_modules/mongoose/lib/schemaType.js:1280:12)
      at SchemaType.castForQuery (/Users/rahulchaudhary/Documents/QurehealthAI/backend/node_modules/mongoose/lib/schemaType.js:1706:17)
      at cast (/Users/rahulchaudhary/Documents/QurehealthAI/backend/node_modules/mongoose/lib/cast.js:390:32)
      at Query.cast (/Users/rahulchaudhary/Documents/QurehealthAI/backend/node_modules/mongoose/lib/query.js:5016:12)
      at Query._castConditions (/Users/rahulchaudhary/Documents/QurehealthAI/backend/node_modules/mongoose/lib/query.js:2380:10)
      at model.Query._find (/Users/rahulchaudhary/Documents/QurehealthAI/backend/node_modules/mongoose/lib/query.js:2407:8)
      at model.Query.exec (/Users/rahulchaudhary/Documents/QurehealthAI/backend/node_modules/mongoose/lib/query.js:4627:80),
  valueType: 'string'
}
Get Notifications Error: CastError: Cast to ObjectId failed for value "admin_id" (type string) at path "recipient" for model "Notification"
    at SchemaObjectId.cast (/Users/rahulchaudhary/Documents/QurehealthAI/backend/node_modules/mongoose/lib/schema/objectId.js:253:11)
    at SchemaType.applySetters (/Users/rahulchaudhary/Documents/QurehealthAI/backend/node_modules/mongoose/lib/schemaType.js:1280:12)
    at SchemaType.castForQuery (/Users/rahulchaudhary/Documents/QurehealthAI/backend/node_modules/mongoose/lib/schemaType.js:1706:17)
    at cast (/Users/rahulchaudhary/Documents/QurehealthAI/backend/node_modules/mongoose/lib/cast.js:390:32)
    at Query.cast (/Users/rahulchaudhary/Documents/QurehealthAI/backend/node_modules/mongoose/lib/query.js:5016:12)
    at Query._castConditions (/Users/rahulchaudhary/Documents/QurehealthAI/backend/node_modules/mongoose/lib/query.js:2380:10)
    at model.Query._find (/Users/rahulchaudhary/Documents/QurehealthAI/backend/node_modules/mongoose/lib/query.js:2407:8)
    at model.Query.exec (/Users/rahulchaudhary/Documents/QurehealthAI/backend/node_modules/mongoose/lib/query.js:4627:80)
    at process.processTicksAndRejections (node:internal/process/task_queues:103:5)
    at async exports.getMyNotifications (/Users/rahulchaudhary/Documents/QurehealthAI/backend/controllers/notificationController.js:5:31) {
  stringValue: '"admin_id"',
  messageFormat: undefined,
  kind: 'ObjectId',
  value: 'admin_id',
  path: 'recipient',
  reason: BSONError: input must be a 24 character hex string, 12 byte Uint8Array, or an integer
      at new ObjectId (/Users/rahulchaudhary/Documents/QurehealthAI/backend/node_modules/bson/lib/bson.cjs:2565:23)
      at castObjectId (/Users/rahulchaudhary/Documents/QurehealthAI/backend/node_modules/mongoose/lib/cast/objectid.js:25:12)
      at SchemaObjectId.cast (/Users/rahulchaudhary/Documents/QurehealthAI/backend/node_modules/mongoose/lib/schema/objectId.js:251:12)
      at SchemaType.applySetters (/Users/rahulchaudhary/Documents/QurehealthAI/backend/node_modules/mongoose/lib/schemaType.js:1280:12)
      at SchemaType.castForQuery (/Users/rahulchaudhary/Documents/QurehealthAI/backend/node_modules/mongoose/lib/schemaType.js:1706:17)
      at cast (/Users/rahulchaudhary/Documents/QurehealthAI/backend/node_modules/mongoose/lib/cast.js:390:32)
      at Query.cast (/Users/rahulchaudhary/Documents/QurehealthAI/backend/node_modules/mongoose/lib/query.js:5016:12)
      at Query._castConditions (/Users/rahulchaudhary/Documents/QurehealthAI/backend/node_modules/mongoose/lib/query.js:2380:10)
      at model.Query._find (/Users/rahulchaudhary/Documents/QurehealthAI/backend/node_modules/mongoose/lib/query.js:2407:8)
      at model.Query.exec (/Users/rahulchaudhary/Documents/QurehealthAI/backend/node_modules/mongoose/lib/query.js:4627:80),
  valueType: 'string'
}
[Email] Attempting to send to: thhft005@gmail.com
[Email] Using User: rc005405@gmail.com
[Email] Using Pass: txzu...lmig (Length: 19)
[Email] Success! Message ID: <974793cf-ead9-9ac2-c6fa-741868b203fe@gmail.com>
BACKEND: getBroadcastHistory called
BACKEND: Returning 2 pulses
BACKEND: getBroadcastHistory called
BACKEND: Returning 3 pulses
Fetching all doctors for admin...
Fetching all doctors for admin...
BACKEND: getBroadcastHistory called
BACKEND: Returning 3 pulses
Found 24 doctors. Processing profiles...
Sending processed doctors list
Get Notifications Error: CastError: Cast to ObjectId failed for value "admin_id" (type string) at path "recipient" for model "Notification"
    at SchemaObjectId.cast (/Users/rahulchaudhary/Documents/QurehealthAI/backend/node_modules/mongoose/lib/schema/objectId.js:253:11)
    at SchemaType.applySetters (/Users/rahulchaudhary/Documents/QurehealthAI/backend/node_modules/mongoose/lib/schemaType.js:1280:12)
    at SchemaType.castForQuery (/Users/rahulchaudhary/Documents/QurehealthAI/backend/node_modules/mongoose/lib/schemaType.js:1706:17)
    at cast (/Users/rahulchaudhary/Documents/QurehealthAI/backend/node_modules/mongoose/lib/cast.js:390:32)
    at Query.cast (/Users/rahulchaudhary/Documents/QurehealthAI/backend/node_modules/mongoose/lib/query.js:5016:12)
    at Query._castConditions (/Users/rahulchaudhary/Documents/QurehealthAI/backend/node_modules/mongoose/lib/query.js:2380:10)
    at model.Query._find (/Users/rahulchaudhary/Documents/QurehealthAI/backend/node_modules/mongoose/lib/query.js:2407:8)
    at model.Query.exec (/Users/rahulchaudhary/Documents/QurehealthAI/backend/node_modules/mongoose/lib/query.js:4627:80)
    at process.processTicksAndRejections (node:internal/process/task_queues:103:5)
    at async exports.getMyNotifications (/Users/rahulchaudhary/Documents/QurehealthAI/backend/controllers/notificationController.js:5:31) {
  stringValue: '"admin_id"',
  messageFormat: undefined,
  kind: 'ObjectId',
  value: 'admin_id',
  path: 'recipient',
  reason: BSONError: input must be a 24 character hex string, 12 byte Uint8Array, or an integer
      at new ObjectId (/Users/rahulchaudhary/Documents/QurehealthAI/backend/node_modules/bson/lib/bson.cjs:2565:23)
      at castObjectId (/Users/rahulchaudhary/Documents/QurehealthAI/backend/node_modules/mongoose/lib/cast/objectid.js:25:12)
      at SchemaObjectId.cast (/Users/rahulchaudhary/Documents/QurehealthAI/backend/node_modules/mongoose/lib/schema/objectId.js:251:12)
      at SchemaType.applySetters (/Users/rahulchaudhary/Documents/QurehealthAI/backend/node_modules/mongoose/lib/schemaType.js:1280:12)
      at SchemaType.castForQuery (/Users/rahulchaudhary/Documents/QurehealthAI/backend/node_modules/mongoose/lib/schemaType.js:1706:17)
      at cast (/Users/rahulchaudhary/Documents/QurehealthAI/backend/node_modules/mongoose/lib/cast.js:390:32)
      at Query.cast (/Users/rahulchaudhary/Documents/QurehealthAI/backend/node_modules/mongoose/lib/query.js:5016:12)
      at Query._castConditions (/Users/rahulchaudhary/Documents/QurehealthAI/backend/node_modules/mongoose/lib/query.js:2380:10)
      at model.Query._find (/Users/rahulchaudhary/Documents/QurehealthAI/backend/node_modules/mongoose/lib/query.js:2407:8)
      at model.Query.exec (/Users/rahulchaudhary/Documents/QurehealthAI/backend/node_modules/mongoose/lib/query.js:4627:80),
  valueType: 'string'
}
Get Notifications Error: CastError: Cast to ObjectId failed for value "admin_id" (type string) at path "recipient" for model "Notification"
    at SchemaObjectId.cast (/Users/rahulchaudhary/Documents/QurehealthAI/backend/node_modules/mongoose/lib/schema/objectId.js:253:11)
    at SchemaType.applySetters (/Users/rahulchaudhary/Documents/QurehealthAI/backend/node_modules/mongoose/lib/schemaType.js:1280:12)
    at SchemaType.castForQuery (/Users/rahulchaudhary/Documents/QurehealthAI/backend/node_modules/mongoose/lib/schemaType.js:1706:17)
    at cast (/Users/rahulchaudhary/Documents/QurehealthAI/backend/node_modules/mongoose/lib/cast.js:390:32)
    at Query.cast (/Users/rahulchaudhary/Documents/QurehealthAI/backend/node_modules/mongoose/lib/query.js:5016:12)
    at Query._castConditions (/Users/rahulchaudhary/Documents/QurehealthAI/backend/node_modules/mongoose/lib/query.js:2380:10)
    at model.Query._find (/Users/rahulchaudhary/Documents/QurehealthAI/backend/node_modules/mongoose/lib/query.js:2407:8)
    at model.Query.exec (/Users/rahulchaudhary/Documents/QurehealthAI/backend/node_modules/mongoose/lib/query.js:4627:80)
    at process.processTicksAndRejections (node:internal/process/task_queues:103:5)
    at async exports.getMyNotifications (/Users/rahulchaudhary/Documents/QurehealthAI/backend/controllers/notificationController.js:5:31) {
  stringValue: '"admin_id"',
  messageFormat: undefined,
  kind: 'ObjectId',
  value: 'admin_id',
  path: 'recipient',
  reason: BSONError: input must be a 24 character hex string, 12 byte Uint8Array, or an integer
      at new ObjectId (/Users/rahulchaudhary/Documents/QurehealthAI/backend/node_modules/bson/lib/bson.cjs:2565:23)
      at castObjectId (/Users/rahulchaudhary/Documents/QurehealthAI/backend/node_modules/mongoose/lib/cast/objectid.js:25:12)
      at SchemaObjectId.cast (/Users/rahulchaudhary/Documents/QurehealthAI/backend/node_modules/mongoose/lib/schema/objectId.js:251:12)
      at SchemaType.applySetters (/Users/rahulchaudhary/Documents/QurehealthAI/backend/node_modules/mongoose/lib/schemaType.js:1280:12)
      at SchemaType.castForQuery (/Users/rahulchaudhary/Documents/QurehealthAI/backend/node_modules/mongoose/lib/schemaType.js:1706:17)
      at cast (/Users/rahulchaudhary/Documents/QurehealthAI/backend/node_modules/mongoose/lib/cast.js:390:32)
      at Query.cast (/Users/rahulchaudhary/Documents/QurehealthAI/backend/node_modules/mongoose/lib/query.js:5016:12)
      at Query._castConditions (/Users/rahulchaudhary/Documents/QurehealthAI/backend/node_modules/mongoose/lib/query.js:2380:10)
      at model.Query._find (/Users/rahulchaudhary/Documents/QurehealthAI/backend/node_modules/mongoose/lib/query.js:2407:8)
      at model.Query.exec (/Users/rahulchaudhary/Documents/QurehealthAI/backend/node_modules/mongoose/lib/query.js:4627:80),
  valueType: 'string'
}
Found 24 doctors. Processing profiles...
Sending processed doctors list
✅ Activity logs fetched: 20 of 104
✅ System stats fetched
BACKEND: getBroadcastHistory called
BACKEND: getBroadcastHistory called
BACKEND: Returning 3 pulses
BACKEND: Returning 3 pulses
