2026-01-06T06:11:22.893Z - undefined
2026-01-06T06:13:30.668Z - Error: Images Only!
2026-01-06T06:13:31.565Z - Error: Images Only!
2026-01-06T06:13:37.332Z - Error: Images Only!
2026-01-06T06:13:37.667Z - Error: Images Only!
2026-01-06T06:13:37.882Z - Error: Images Only!
2026-01-06T06:13:56.393Z - Error: Images Only!
2026-01-06T07:18:23.890Z - Unable to find the session to touch
2026-01-09T05:46:00.820Z - Unable to find the session to touch
2026-01-09T06:28:37.795Z - getaddrinfo ENOTFOUND ac-jcocgck-shard-00-00.wpprnkb.mongodb.net
2026-01-09T06:29:23.060Z - Unable to find the session to touch
2026-01-09T06:29:23.537Z - Unable to find the session to touch
2026-01-09T06:29:45.789Z - Unable to find the session to touch
2026-01-09T06:30:57.378Z - Unable to find the session to touch
2026-01-09T06:57:04.239Z - Unable to find the session to touch
2026-01-09T07:06:01.717Z - connection <monitor> to 159.41.183.61:27017 timed out
2026-01-09T07:06:01.779Z - connection <monitor> to 159.41.183.61:27017 timed out
2026-01-09T07:06:01.780Z - connection <monitor> to 159.41.183.61:27017 timed out
2026-01-09T07:06:31.784Z - getaddrinfo ENOTFOUND ac-jcocgck-shard-00-00.wpprnkb.mongodb.net
2026-01-09T07:22:09.998Z - Unable to find the session to touch
2026-01-09T07:22:09.999Z - Unable to find the session to touch
2026-01-09T08:02:49.997Z - Unable to find the session to touch
2026-01-09T08:38:34.053Z - Unable to find the session to touch
2026-02-01T19:19:35.691Z - Unable to find the session to touch
2026-02-01T19:26:51.660Z - Unable to find the session to touch
2026-02-08T04:47:55.139Z - Unable to find the session to touch
2026-02-08T05:07:31.933Z - Unable to find the session to touch
2026-02-08T05:14:35.993Z - Unable to find the session to touch
2026-02-08T05:30:47.422Z - Unable to find the session to touch
2026-02-08T05:42:07.203Z - Unable to find the session to touch
2026-02-08T06:08:07.101Z - File too large
2026-02-08T06:08:25.485Z - File too large
2026-02-08T06:47:45.611Z - Unable to find the session to touch
2026-02-08T08:01:35.748Z - Unable to find the session to touch
2026-02-08T08:05:40.901Z - File too large
2026-02-08T08:27:12.482Z - Unable to find the session to touch
2026-02-08T08:33:58.298Z - Unable to find the session to touch
2026-02-08T08:51:47.989Z - Unable to find the session to touch
2026-02-08T08:54:42.694Z - Unable to find the session to touch
2026-02-08T09:36:02.041Z - Unable to find the session to touch
2026-02-08T09:50:55.117Z - Unable to find the session to touch
